2026.04.04 16:34:53 INFO  Started: Metals version 1.6.6 in folders '/home/fayez/Desktop/InsolitClone/TPALTNV' for client Visual Studio Code 1.110.1.[0m
2026.04.04 16:34:53 INFO  Memory monitor started[0m
2026.04.04 16:34:53 WARN  Using H2 2.4.240 which is newer than the version Flyway has been verified with. The latest verified version of H2 is 2.3.232.[0m
2026.04.04 16:34:53 INFO  no build target found for /home/fayez/Desktop/InsolitClone/TPALTNV/TPALT_Backend/src/main/java/com/bookstore/Controller/HelloController.java. Using fallback presentation compiler.[0m
2026.04.04 16:34:54 INFO  no build target found for /home/fayez/Desktop/InsolitClone/TPALTNV/TPALT_Backend/src/main/java/com/bookstore/Controller/HelloController.java. Using fallback presentation compiler.[0m
2026.04.04 16:35:00 WARN  no build target for: /home/fayez/Desktop/InsolitClone/TPALTNV/TPALT_Backend/src/main/java/com/bookstore/Controller/HelloController.java[0m
2026.04.04 16:35:00 INFO  no build target found for /home/fayez/Desktop/InsolitClone/TPALTNV/TPALT_Backend/src/main/java/com/bookstore/Controller/HelloController.java. Using fallback presentation compiler.[0m
2026.04.04 16:35:00 INFO  no build target found for /home/fayez/Desktop/InsolitClone/TPALTNV/TPALT_Backend/src/main/java/com/bookstore/Controller/HelloController.java. Using fallback presentation compiler.[0m
2026.04.04 16:35:05 INFO  no build target found for /home/fayez/Desktop/InsolitClone/TPALTNV/TPALT_Backend/src/main/java/com/bookstore/Controller/HelloController.java. Using fallback presentation compiler.[0m
Apr 04, 2026 4:35:05 PM org.eclipse.lsp4j.jsonrpc.services.GenericEndpoint notify
INFO: Unsupported notification method: $/setTrace
2026.04.04 16:35:05 INFO  no build target found for /home/fayez/Desktop/InsolitClone/TPALTNV/TPALT_Backend/src/main/java/com/bookstore/Controller/HelloController.java. Using fallback presentation compiler.[0m
2026.04.04 16:36:17 INFO  no build target found for /home/fayez/Desktop/InsolitClone/TPALTNV/TPALT_Backend/src/main/java/com/bookstore/Controller/HelloController.java. Using fallback presentation compiler.[0m
2026.04.04 16:36:31 INFO  no build target found for /home/fayez/Desktop/InsolitClone/TPALTNV/TPALT_Backend/src/main/java/com/bookstore/Controller/HelloController.java. Using fallback presentation compiler.[0m
2026.04.04 23:58:47 INFO  Shutting down server[0m
2026.04.04 23:58:47 INFO  Memory monitor stopped[0m
2026.04.04 23:58:47 INFO  shutting down Metals[0m
2026.04.04 23:58:47 INFO  Exiting server[0m
2026.04.05 16:40:27 INFO  Started: Metals version 1.6.6 in folders '/home/fayez/Desktop/InsolitClone/TPALTNV' for client Visual Studio Code 1.110.1.
2026.04.05 16:40:27 INFO  Memory monitor started
2026.04.05 16:40:27 WARN  Using H2 2.4.240 which is newer than the version Flyway has been verified with. The latest verified version of H2 is 2.3.232.
2026.04.05 16:40:27 INFO  no build target found for /home/fayez/Desktop/InsolitClone/TPALTNV/TPALT_Backend/src/main/java/com/bookstore/Controller/HelloController.java. Using fallback presentation compiler.
2026.04.05 16:40:28 INFO  no build target found for /home/fayez/Desktop/InsolitClone/TPALTNV/TPALT_Backend/src/main/java/com/bookstore/Controller/HelloController.java. Using fallback presentation compiler.
2026.04.05 16:40:37 INFO  no build target found for /home/fayez/Desktop/InsolitClone/TPALTNV/TPALT_Backend/src/main/java/com/bookstore/Controller/HelloController.java. Using fallback presentation compiler.
2026.04.05 16:40:37 INFO  no build target found for /home/fayez/Desktop/InsolitClone/TPALTNV/TPALT_Backend/src/main/java/com/bookstore/Controller/HelloController.java. Using fallback presentation compiler.
2026.04.05 16:40:37 INFO  no build target found for /home/fayez/Desktop/InsolitClone/TPALTNV/TPALT_Backend/src/main/java/com/bookstore/Controller/HelloController.java. Using fallback presentation compiler.
2026.04.05 16:40:37 INFO  no build target found for /home/fayez/Desktop/InsolitClone/TPALTNV/TPALT_Backend/src/main/java/com/bookstore/Controller/HelloController.java. Using fallback presentation compiler.
2026.04.05 16:40:37 INFO  no build target found for /home/fayez/Desktop/InsolitClone/TPALTNV/TPALT_Backend/src/main/java/com/bookstore/Controller/HelloController.java. Using fallback presentation compiler.
2026.04.05 16:40:45 WARN  no build target for: /home/fayez/Desktop/InsolitClone/TPALTNV/TPALT_Backend/src/main/java/com/bookstore/Controller/HelloController.java
2026.04.05 16:40:45 INFO  no build target found for /home/fayez/Desktop/InsolitClone/TPALTNV/TPALT_Backend/src/main/java/com/bookstore/Controller/HelloController.java. Using fallback presentation compiler.
2026.04.05 16:40:57 INFO  no build target found for /home/fayez/Desktop/InsolitClone/TPALTNV/TPALT_Backend/src/main/java/com/bookstore/Controller/HelloController.java. Using fallback presentation compiler.
2026.04.05 16:46:52 INFO  no build target found for /home/fayez/Desktop/InsolitClone/TPALTNV/TPALT_Backend/src/main/java/com/bookstore/security/JwtUtil.java. Using fallback presentation compiler.
2026.04.05 16:46:52 INFO  no build target found for /home/fayez/Desktop/InsolitClone/TPALTNV/TPALT_Backend/src/main/java/com/bookstore/security/JwtUtil.java. Using fallback presentation compiler.
2026.04.05 16:46:52 INFO  no build target found for /home/fayez/Desktop/InsolitClone/TPALTNV/TPALT_Backend/src/main/java/com/bookstore/security/JwtUtil.java. Using fallback presentation compiler.
2026.04.05 16:46:52 INFO  no build target found for /home/fayez/Desktop/InsolitClone/TPALTNV/TPALT_Backend/src/main/java/com/bookstore/security/JwtUtil.java. Using fallback presentation compiler.
2026.04.05 16:46:52 INFO  no build target found for /home/fayez/Desktop/InsolitClone/TPALTNV/TPALT_Backend/src/main/java/com/bookstore/security/JwtUtil.java. Using fallback presentation compiler.
2026.04.05 16:47:04 INFO  no build target found for /home/fayez/Desktop/InsolitClone/TPALTNV/TPALT_Backend/src/main/java/com/bookstore/security/JwtUtil.java. Using fallback presentation compiler.
2026.04.05 17:04:30 INFO  no build target found for /home/fayez/Desktop/InsolitClone/TPALTNV/TPALT_Backend/src/main/java/com/bookstore/Controller/ReviewController.java. Using fallback presentation compiler.
2026.04.05 17:04:30 INFO  no build target found for /home/fayez/Desktop/InsolitClone/TPALTNV/TPALT_Backend/src/main/java/com/bookstore/Controller/ReviewController.java. Using fallback presentation compiler.
2026.04.05 17:04:52 INFO  no build target found for /home/fayez/Desktop/InsolitClone/TPALTNV/TPALT_Backend/src/main/java/com/bookstore/Controller/ReviewStatsController.java. Using fallback presentation compiler.
2026.04.05 17:04:52 WARN  no build target for: /home/fayez/Desktop/InsolitClone/TPALTNV/TPALT_Backend/src/main/java/com/bookstore/Controller/ReviewStatsController.java
2026.04.05 17:05:08 INFO  no build target found for /home/fayez/Desktop/InsolitClone/TPALTNV/TPALT_Backend/src/main/java/com/bookstore/Controller/ReviewController.java. Using fallback presentation compiler.
2026.04.05 17:05:08 INFO  no build target found for /home/fayez/Desktop/InsolitClone/TPALTNV/TPALT_Backend/src/main/java/com/bookstore/Controller/ReviewController.java. Using fallback presentation compiler.
2026.04.05 17:05:08 INFO  Created report: Optional[file:///home/fayez/Desktop/InsolitClone/TPALTNV/TPALT_Backend/src/main/java/com/bookstore/Controller/ReviewController.java]
2026.04.05 17:05:08 INFO  empty definition using pc, found symbol in pc: _empty_/`<any>`#average# (full report at: "/home/fayez/Desktop/InsolitClone/TPALTNV/.metals/.reports/metals-full/2026-04-05/r_empty-definition_17-05-08-468.md")
2026.04.05 17:05:11 WARN  no build target for: /home/fayez/Desktop/InsolitClone/TPALTNV/TPALT_Backend/src/main/java/com/bookstore/Controller/ReviewStatsController.java
2026.04.05 17:05:12 INFO  no build target found for /home/fayez/Desktop/InsolitClone/TPALTNV/TPALT_Backend/src/main/java/com/bookstore/Controller/ReviewController.java. Using fallback presentation compiler.
2026.04.05 17:07:30 INFO  no build target found for /home/fayez/Desktop/InsolitClone/TPALTNV/TPALT_Backend/src/main/java/com/bookstore/repository/ReviewRepository.java. Using fallback presentation compiler.
2026.04.05 17:11:56 INFO  no build target found for /home/fayez/Desktop/InsolitClone/TPALTNV/TPALT_Backend/src/main/java/com/bookstore/Controller/ReviewController.java. Using fallback presentation compiler.
2026.04.05 17:11:56 INFO  no build target found for /home/fayez/Desktop/InsolitClone/TPALTNV/TPALT_Backend/src/main/java/com/bookstore/Controller/ReviewController.java. Using fallback presentation compiler.
2026.04.05 17:11:56 INFO  no build target found for /home/fayez/Desktop/InsolitClone/TPALTNV/TPALT_Backend/src/main/java/com/bookstore/Controller/ReviewController.java. Using fallback presentation compiler.
2026.04.05 17:18:29 INFO  no build target found for /home/fayez/Desktop/InsolitClone/TPALTNV/TPALT_Backend/src/main/java/com/bookstore/Controller/ReviewController.java. Using fallback presentation compiler.
2026.04.05 17:18:29 INFO  no build target found for /home/fayez/Desktop/InsolitClone/TPALTNV/TPALT_Backend/src/main/java/com/bookstore/Controller/ReviewController.java. Using fallback presentation compiler.
2026.04.05 17:18:29 INFO  no build target found for /home/fayez/Desktop/InsolitClone/TPALTNV/TPALT_Backend/src/main/java/com/bookstore/Controller/ReviewController.java. Using fallback presentation compiler.
Apr 05, 2026 5:22:13 PM org.eclipse.lsp4j.jsonrpc.services.GenericEndpoint notify
INFO: Unsupported notification method: $/setTrace
2026.04.05 17:26:19 INFO  no build target found for /home/fayez/Desktop/InsolitClone/TPALTNV/TPALT_Backend/src/main/java/com/bookstore/service/EmailService.java. Using fallback presentation compiler.
2026.04.05 17:26:19 INFO  no build target found for /home/fayez/Desktop/InsolitClone/TPALTNV/TPALT_Backend/src/main/java/com/bookstore/service/EmailService.java. Using fallback presentation compiler.
2026.04.05 17:26:19 INFO  no build target found for /home/fayez/Desktop/InsolitClone/TPALTNV/TPALT_Backend/src/main/java/com/bookstore/service/EmailService.java. Using fallback presentation compiler.
2026.04.05 17:26:19 INFO  no build target found for /home/fayez/Desktop/InsolitClone/TPALTNV/TPALT_Backend/src/main/java/com/bookstore/service/EmailService.java. Using fallback presentation compiler.
2026.04.05 17:26:22 INFO  no build target found for /home/fayez/Desktop/InsolitClone/TPALTNV/TPALT_Backend/src/main/java/com/bookstore/service/EmailService.java. Using fallback presentation compiler.
2026.04.05 17:26:25 INFO  no build target found for /home/fayez/Desktop/InsolitClone/TPALTNV/TPALT_Backend/src/main/java/com/bookstore/service/EmailService.java. Using fallback presentation compiler.
2026.04.05 17:26:25 INFO  no build target found for /home/fayez/Desktop/InsolitClone/TPALTNV/TPALT_Backend/src/main/java/com/bookstore/service/EmailService.java. Using fallback presentation compiler.
2026.04.05 17:26:28 INFO  no build target found for /home/fayez/Desktop/InsolitClone/TPALTNV/TPALT_Backend/src/main/java/com/bookstore/service/EmailService.java. Using fallback presentation compiler.
2026.04.05 17:26:28 INFO  no build target found for /home/fayez/Desktop/InsolitClone/TPALTNV/TPALT_Backend/src/main/java/com/bookstore/service/EmailService.java. Using fallback presentation compiler.
2026.04.05 17:26:28 INFO  no build target found for /home/fayez/Desktop/InsolitClone/TPALTNV/TPALT_Backend/src/main/java/com/bookstore/service/EmailService.java. Using fallback presentation compiler.
2026.04.05 17:26:28 INFO  no build target found for /home/fayez/Desktop/InsolitClone/TPALTNV/TPALT_Backend/src/main/java/com/bookstore/service/EmailService.java. Using fallback presentation compiler.
2026.04.05 17:26:28 INFO  no build target found for /home/fayez/Desktop/InsolitClone/TPALTNV/TPALT_Backend/src/main/java/com/bookstore/service/EmailService.java. Using fallback presentation compiler.
2026.04.05 17:26:28 INFO  no build target found for /home/fayez/Desktop/InsolitClone/TPALTNV/TPALT_Backend/src/main/java/com/bookstore/service/EmailService.java. Using fallback presentation compiler.
2026.04.05 17:26:28 INFO  no build target found for /home/fayez/Desktop/InsolitClone/TPALTNV/TPALT_Backend/src/main/java/com/bookstore/service/EmailService.java. Using fallback presentation compiler.
2026.04.05 17:26:29 WARN  no build target for: /home/fayez/Desktop/InsolitClone/TPALTNV/TPALT_Backend/src/main/java/com/bookstore/service/EmailService.java
2026.04.05 17:26:29 INFO  no build target found for /home/fayez/Desktop/InsolitClone/TPALTNV/TPALT_Backend/src/main/java/com/bookstore/service/EmailService.java. Using fallback presentation compiler.
2026.04.05 17:27:03 INFO  no build target found for /home/fayez/Desktop/InsolitClone/TPALTNV/TPALT_Backend/src/main/java/com/bookstore/service/EmailService.java. Using fallback presentation compiler.
2026.04.05 17:27:03 INFO  no build target found for /home/fayez/Desktop/InsolitClone/TPALTNV/TPALT_Backend/src/main/java/com/bookstore/service/EmailService.java. Using fallback presentation compiler.
2026.04.05 17:27:29 INFO  no build target found for /home/fayez/Desktop/InsolitClone/TPALTNV/TPALT_Backend/src/main/java/com/bookstore/service/EmailService.java. Using fallback presentation compiler.
2026.04.05 17:48:10 INFO  no build target found for /home/fayez/Desktop/InsolitClone/TPALTNV/TPALT_Backend/src/main/java/com/bookstore/model/Book.java. Using fallback presentation compiler.
2026.04.05 17:48:10 INFO  no build target found for /home/fayez/Desktop/InsolitClone/TPALTNV/TPALT_Backend/src/main/java/com/bookstore/model/Book.java. Using fallback presentation compiler.
2026.04.05 17:48:10 INFO  no build target found for /home/fayez/Desktop/InsolitClone/TPALTNV/TPALT_Backend/src/main/java/com/bookstore/model/Book.java. Using fallback presentation compiler.
2026.04.05 17:48:10 INFO  no build target found for /home/fayez/Desktop/InsolitClone/TPALTNV/TPALT_Backend/src/main/java/com/bookstore/model/Book.java. Using fallback presentation compiler.
2026.04.05 17:48:51 INFO  no build target found for /home/fayez/Desktop/InsolitClone/TPALTNV/TPALT_Backend/src/main/java/com/bookstore/model/Book.java. Using fallback presentation compiler.
2026.04.05 17:48:51 WARN  no build target for: /home/fayez/Desktop/InsolitClone/TPALTNV/TPALT_Backend/src/main/java/com/bookstore/model/Book.java
2026.04.05 17:48:59 INFO  no build target found for /home/fayez/Desktop/InsolitClone/TPALTNV/TPALT_Backend/src/main/java/com/bookstore/model/Book.java. Using fallback presentation compiler.
2026.04.05 17:49:00 WARN  no build target for: /home/fayez/Desktop/InsolitClone/TPALTNV/TPALT_Backend/src/main/java/com/bookstore/model/Book.java
2026.04.05 17:49:00 INFO  no build target found for /home/fayez/Desktop/InsolitClone/TPALTNV/TPALT_Backend/src/main/java/com/bookstore/model/Book.java. Using fallback presentation compiler.
2026.04.05 17:49:01 INFO  no build target found for /home/fayez/Desktop/InsolitClone/TPALTNV/TPALT_Backend/src/main/java/com/bookstore/model/Book.java. Using fallback presentation compiler.
2026.04.05 17:49:42 INFO  no build target found for /home/fayez/Desktop/InsolitClone/TPALTNV/TPALT_Backend/src/main/java/com/bookstore/Controller/BookController.java. Using fallback presentation compiler.
2026.04.05 17:49:42 INFO  Created report: Optional[file:///home/fayez/Desktop/InsolitClone/TPALTNV/TPALT_Backend/src/main/java/com/bookstore/Controller/BookController.java]
2026.04.05 17:49:42 INFO  empty definition using pc, found symbol in pc: com/bookstore/model/Book# (full report at: "/home/fayez/Desktop/InsolitClone/TPALTNV/.metals/.reports/metals-full/2026-04-05/r_empty-definition_17-49-42-768.md")
2026.04.05 17:49:42 INFO  no build target found for /home/fayez/Desktop/InsolitClone/TPALTNV/TPALT_Backend/src/main/java/com/bookstore/model/Book.java. Using fallback presentation compiler.
2026.04.05 17:49:43 INFO  no build target found for /home/fayez/Desktop/InsolitClone/TPALTNV/TPALT_Backend/src/main/java/com/bookstore/model/Book.java. Using fallback presentation compiler.
2026.04.05 17:49:42 INFO  no build target found for /home/fayez/Desktop/InsolitClone/TPALTNV/TPALT_Backend/src/main/java/com/bookstore/model/Book.java. Using fallback presentation compiler.
2026.04.05 17:49:43 INFO  no build target found for /home/fayez/Desktop/InsolitClone/TPALTNV/TPALT_Backend/src/main/java/com/bookstore/model/Book.java. Using fallback presentation compiler.
2026.04.05 17:49:43 INFO  Created report: Optional[file:///home/fayez/Desktop/InsolitClone/TPALTNV/TPALT_Backend/src/main/java/com/bookstore/model/Book.java]
2026.04.05 17:49:43 INFO  empty definition using pc, found symbol in pc: _empty_/CollectionTable# (full report at: "/home/fayez/Desktop/InsolitClone/TPALTNV/.metals/.reports/metals-full/2026-04-05/r_empty-definition_17-49-43-501.md")
2026.04.05 17:49:50 WARN  no build target for: /home/fayez/Desktop/InsolitClone/TPALTNV/TPALT_Backend/src/main/java/com/bookstore/model/Book.java
2026.04.05 17:51:12 INFO  no build target found for /home/fayez/Desktop/InsolitClone/TPALTNV/TPALT_Backend/src/main/java/com/bookstore/Controller/BookController.java. Using fallback presentation compiler.
2026.04.05 17:51:12 INFO  no build target found for /home/fayez/Desktop/InsolitClone/TPALTNV/TPALT_Backend/src/main/java/com/bookstore/repository/BookRepository.java. Using fallback presentation compiler.
2026.04.05 17:52:11 INFO  no build target found for /home/fayez/Desktop/InsolitClone/TPALTNV/TPALT_Backend/src/main/java/com/bookstore/Controller/BookController.java. Using fallback presentation compiler.
2026.04.05 17:52:11 INFO  no build target found for /home/fayez/Desktop/InsolitClone/TPALTNV/TPALT_Backend/src/main/java/com/bookstore/Controller/BookController.java. Using fallback presentation compiler.
2026.04.05 17:52:11 INFO  no build target found for /home/fayez/Desktop/InsolitClone/TPALTNV/TPALT_Backend/src/main/java/com/bookstore/Controller/BookController.java. Using fallback presentation compiler.
2026.04.05 17:52:35 INFO  no build target found for /home/fayez/Desktop/InsolitClone/TPALTNV/TPALT_Backend/src/main/java/com/bookstore/Controller/BookController.java. Using fallback presentation compiler.
2026.04.05 17:52:35 INFO  no build target found for /home/fayez/Desktop/InsolitClone/TPALTNV/TPALT_Backend/src/main/java/com/bookstore/Controller/BookController.java. Using fallback presentation compiler.
2026.04.05 17:52:35 INFO  no build target found for /home/fayez/Desktop/InsolitClone/TPALTNV/TPALT_Backend/src/main/java/com/bookstore/Controller/BookController.java. Using fallback presentation compiler.
2026.04.05 17:52:39 INFO  no build target found for /home/fayez/Desktop/InsolitClone/TPALTNV/TPALT_Backend/src/main/java/com/bookstore/Controller/BookController.java. Using fallback presentation compiler.
2026.04.05 17:52:39 INFO  no build target found for /home/fayez/Desktop/InsolitClone/TPALTNV/TPALT_Backend/src/main/java/com/bookstore/Controller/BookController.java. Using fallback presentation compiler.
2026.04.05 17:52:39 INFO  no build target found for /home/fayez/Desktop/InsolitClone/TPALTNV/TPALT_Backend/src/main/java/com/bookstore/Controller/BookController.java. Using fallback presentation compiler.
2026.04.05 17:55:19 INFO  no build target found for /home/fayez/Desktop/InsolitClone/TPALTNV/TPALT_Backend/src/main/java/com/bookstore/Controller/BookController.java. Using fallback presentation compiler.
2026.04.05 17:55:19 INFO  no build target found for /home/fayez/Desktop/InsolitClone/TPALTNV/TPALT_Backend/src/main/java/com/bookstore/model/Book.java. Using fallback presentation compiler.
2026.04.05 17:55:19 INFO  Created report: Optional[file:///home/fayez/Desktop/InsolitClone/TPALTNV/TPALT_Backend/src/main/java/com/bookstore/Controller/BookController.java]
2026.04.05 17:55:19 INFO  empty definition using pc, found symbol in pc: _empty_/`<any>`#filter# (full report at: "/home/fayez/Desktop/InsolitClone/TPALTNV/.metals/.reports/metals-full/2026-04-05/r_empty-definition_17-55-19-467.md")
2026.04.05 17:55:19 INFO  no build target found for /home/fayez/Desktop/InsolitClone/TPALTNV/TPALT_Backend/src/main/java/com/bookstore/Controller/BookController.java. Using fallback presentation compiler.
2026.04.05 17:55:19 INFO  no build target found for /home/fayez/Desktop/InsolitClone/TPALTNV/TPALT_Backend/src/main/java/com/bookstore/model/Book.java. Using fallback presentation compiler.
2026.04.05 17:55:19 INFO  no build target found for /home/fayez/Desktop/InsolitClone/TPALTNV/TPALT_Backend/src/main/java/com/bookstore/model/Book.java. Using fallback presentation compiler.
2026.04.05 18:33:50 INFO  no build target found for /home/fayez/Desktop/InsolitClone/TPALTNV/TPALT_Backend/src/main/java/com/bookstore/repository/UserRepository.java. Using fallback presentation compiler.
2026.04.05 18:33:50 WARN  no build target for: /home/fayez/Desktop/InsolitClone/TPALTNV/TPALT_Backend/src/main/java/com/bookstore/repository/UserRepository.java
2026.04.05 18:33:57 INFO  no build target found for /home/fayez/Desktop/InsolitClone/TPALTNV/TPALT_Backend/src/main/java/com/bookstore/Controller/OrderController.java. Using fallback presentation compiler.
2026.04.05 18:33:57 WARN  no build target for: /home/fayez/Desktop/InsolitClone/TPALTNV/TPALT_Backend/src/main/java/com/bookstore/Controller/OrderController.java
2026.04.05 18:34:25 INFO  no build target found for /home/fayez/Desktop/InsolitClone/TPALTNV/TPALT_Backend/src/main/java/com/bookstore/security/JwtUtil.java. Using fallback presentation compiler.
2026.04.05 18:34:49 INFO  no build target found for /home/fayez/Desktop/InsolitClone/TPALTNV/TPALT_Backend/src/main/java/com/bookstore/Controller/OrderController.java. Using fallback presentation compiler.
2026.04.05 18:34:49 INFO  no build target found for /home/fayez/Desktop/InsolitClone/TPALTNV/TPALT_Backend/src/main/java/com/bookstore/Controller/OrderController.java. Using fallback presentation compiler.
2026.04.05 18:34:49 INFO  Created report: Optional[file:///home/fayez/Desktop/InsolitClone/TPALTNV/TPALT_Backend/src/main/java/com/bookstore/Controller/OrderController.java]
2026.04.05 18:34:49 INFO  empty definition using pc, found symbol in pc: _empty_/UserRepository#findByEmail# (full report at: "/home/fayez/Desktop/InsolitClone/TPALTNV/.metals/.reports/metals-full/2026-04-05/r_empty-definition_18-34-49-690.md")
2026.04.05 18:35:01 WARN  no build target for: /home/fayez/Desktop/InsolitClone/TPALTNV/TPALT_Backend/src/main/java/com/bookstore/Controller/OrderController.java
2026.04.05 18:35:01 WARN  no build target for: /home/fayez/Desktop/InsolitClone/TPALTNV/TPALT_Backend/src/main/java/com/bookstore/repository/UserRepository.java
2026.04.05 18:36:45 INFO  no build target found for /home/fayez/Desktop/InsolitClone/TPALTNV/TPALT_Backend/src/main/java/com/bookstore/model/User.java. Using fallback presentation compiler.
2026.04.05 18:36:45 INFO  no build target found for /home/fayez/Desktop/InsolitClone/TPALTNV/TPALT_Backend/src/main/java/com/bookstore/Controller/AuthController.java. Using fallback presentation compiler.
2026.04.05 18:37:04 INFO  no build target found for /home/fayez/Desktop/InsolitClone/TPALTNV/TPALT_Backend/src/main/java/com/bookstore/Controller/OrderController.java. Using fallback presentation compiler.
2026.04.05 18:37:04 INFO  no build target found for /home/fayez/Desktop/InsolitClone/TPALTNV/TPALT_Backend/src/main/java/com/bookstore/Controller/OrderController.java. Using fallback presentation compiler.
2026.04.05 18:37:04 INFO  no build target found for /home/fayez/Desktop/InsolitClone/TPALTNV/TPALT_Backend/src/main/java/com/bookstore/Controller/OrderController.java. Using fallback presentation compiler.
2026.04.05 18:37:05 INFO  no build target found for /home/fayez/Desktop/InsolitClone/TPALTNV/TPALT_Backend/src/main/java/com/bookstore/Controller/AuthController.java. Using fallback presentation compiler.
2026.04.05 18:37:05 INFO  no build target found for /home/fayez/Desktop/InsolitClone/TPALTNV/TPALT_Backend/src/main/java/com/bookstore/Controller/AuthController.java. Using fallback presentation compiler.
2026.04.05 18:38:45 INFO  no build target found for /home/fayez/Desktop/InsolitClone/TPALTNV/TPALT_Backend/src/main/java/com/bookstore/Controller/AuthController.java. Using fallback presentation compiler.
2026.04.05 18:38:45 WARN  no build target for: /home/fayez/Desktop/InsolitClone/TPALTNV/TPALT_Backend/src/main/java/com/bookstore/Controller/AuthController.java
2026.04.05 18:38:45 INFO  no build target found for /home/fayez/Desktop/InsolitClone/TPALTNV/TPALT_Backend/src/main/java/com/bookstore/Controller/AuthController.java. Using fallback presentation compiler.
2026.04.05 18:38:45 INFO  no build target found for /home/fayez/Desktop/InsolitClone/TPALTNV/TPALT_Backend/src/main/java/com/bookstore/Controller/AuthController.java. Using fallback presentation compiler.
2026.04.05 18:38:45 INFO  no build target found for /home/fayez/Desktop/InsolitClone/TPALTNV/TPALT_Backend/src/main/java/com/bookstore/Controller/AuthController.java. Using fallback presentation compiler.
2026.04.05 18:39:28 INFO  no build target found for /home/fayez/Desktop/InsolitClone/TPALTNV/TPALT_Backend/src/main/java/com/bookstore/repository/UserRepository.java. Using fallback presentation compiler.
2026.04.05 18:39:28 WARN  no build target for: /home/fayez/Desktop/InsolitClone/TPALTNV/TPALT_Backend/src/main/java/com/bookstore/repository/UserRepository.java
2026.04.05 18:39:28 INFO  no build target found for /home/fayez/Desktop/InsolitClone/TPALTNV/TPALT_Backend/src/main/java/com/bookstore/Controller/AuthController.java. Using fallback presentation compiler.
2026.04.05 18:39:43 INFO  no build target found for /home/fayez/Desktop/InsolitClone/TPALTNV/TPALT_Backend/src/main/java/com/bookstore/Controller/AuthController.java. Using fallback presentation compiler.
2026.04.05 18:39:43 INFO  no build target found for /home/fayez/Desktop/InsolitClone/TPALTNV/TPALT_Backend/src/main/java/com/bookstore/Controller/AuthController.java. Using fallback presentation compiler.
2026.04.05 18:39:43 WARN  no build target for: /home/fayez/Desktop/InsolitClone/TPALTNV/TPALT_Backend/src/main/java/com/bookstore/Controller/AuthController.java
2026.04.05 18:39:43 INFO  no build target found for /home/fayez/Desktop/InsolitClone/TPALTNV/TPALT_Backend/src/main/java/com/bookstore/Controller/AuthController.java. Using fallback presentation compiler.
2026.04.05 18:39:43 INFO  no build target found for /home/fayez/Desktop/InsolitClone/TPALTNV/TPALT_Backend/src/main/java/com/bookstore/Controller/AuthController.java. Using fallback presentation compiler.
2026.04.05 18:39:44 INFO  no build target found for /home/fayez/Desktop/InsolitClone/TPALTNV/TPALT_Backend/src/main/java/com/bookstore/Controller/AuthController.java. Using fallback presentation compiler.
2026.04.05 18:39:54 INFO  no build target found for /home/fayez/Desktop/InsolitClone/TPALTNV/TPALT_Backend/src/main/java/com/bookstore/Controller/AuthController.java. Using fallback presentation compiler.
2026.04.05 18:40:10 INFO  no build target found for /home/fayez/Desktop/InsolitClone/TPALTNV/TPALT_Backend/src/main/java/com/bookstore/Controller/AuthController.java. Using fallback presentation compiler.
2026.04.05 18:40:28 INFO  no build target found for /home/fayez/Desktop/InsolitClone/TPALTNV/TPALT_Backend/src/main/java/com/bookstore/Controller/AuthController.java. Using fallback presentation compiler.
2026.04.05 18:40:28 INFO  Created report: Optional[file:///home/fayez/Desktop/InsolitClone/TPALTNV/TPALT_Backend/src/main/java/com/bookstore/Controller/AuthController.java]
2026.04.05 18:40:28 INFO  empty definition using pc, found symbol in pc: java/lang/String#trim(). (full report at: "/home/fayez/Desktop/InsolitClone/TPALTNV/.metals/.reports/metals-full/2026-04-05/r_empty-definition_18-40-28-928.md")
2026.04.05 18:40:29 INFO  no build target found for /home/fayez/Desktop/InsolitClone/TPALTNV/TPALT_Backend/src/main/java/com/bookstore/Controller/AuthController.java. Using fallback presentation compiler.
2026.04.05 18:40:29 INFO  no build target found for /home/fayez/Desktop/InsolitClone/TPALTNV/TPALT_Backend/src/main/java/com/bookstore/Controller/AuthController.java. Using fallback presentation compiler.
2026.04.05 18:40:30 INFO  no build target found for /home/fayez/Desktop/InsolitClone/TPALTNV/TPALT_Backend/src/main/java/com/bookstore/Controller/AuthController.java. Using fallback presentation compiler.
2026.04.05 18:40:30 INFO  empty definition using pc, found symbol in pc: java/lang/String#trim(). (full report at: "/home/fayez/Desktop/InsolitClone/TPALTNV/.metals/.reports/metals-full/2026-04-05/r_empty-definition_18-40-28-928.md")
2026.04.05 18:40:30 INFO  no build target found for /home/fayez/Desktop/InsolitClone/TPALTNV/TPALT_Backend/src/main/java/com/bookstore/Controller/AuthController.java. Using fallback presentation compiler.
2026.04.05 18:40:30 INFO  empty definition using pc, found symbol in pc: java/lang/String#trim(). (full report at: "/home/fayez/Desktop/InsolitClone/TPALTNV/.metals/.reports/metals-full/2026-04-05/r_empty-definition_18-40-28-928.md")
2026.04.05 18:40:31 INFO  no build target found for /home/fayez/Desktop/InsolitClone/TPALTNV/TPALT_Backend/src/main/java/com/bookstore/Controller/AuthController.java. Using fallback presentation compiler.
2026.04.05 18:40:31 INFO  no build target found for /home/fayez/Desktop/InsolitClone/TPALTNV/TPALT_Backend/src/main/java/com/bookstore/Controller/AuthController.java. Using fallback presentation compiler.
2026.04.05 18:40:31 INFO  Created report: Optional[file:///home/fayez/Desktop/InsolitClone/TPALTNV/TPALT_Backend/src/main/java/com/bookstore/Controller/AuthController.java]
2026.04.05 18:40:31 INFO  empty definition using pc, found symbol in pc: _empty_/UserRepository#findByUsernameNormalized# (full report at: "/home/fayez/Desktop/InsolitClone/TPALTNV/.metals/.reports/metals-full/2026-04-05/r_empty-definition_18-40-31-846.md")
2026.04.05 18:40:31 INFO  no build target found for /home/fayez/Desktop/InsolitClone/TPALTNV/TPALT_Backend/src/main/java/com/bookstore/Controller/AuthController.java. Using fallback presentation compiler.
2026.04.05 18:40:31 INFO  Created report: Optional[file:///home/fayez/Desktop/InsolitClone/TPALTNV/TPALT_Backend/src/main/java/com/bookstore/Controller/AuthController.java]
2026.04.05 18:40:31 INFO  empty definition using pc, found symbol in pc: _empty_/UserRepository#findByEmailNormalized# (full report at: "/home/fayez/Desktop/InsolitClone/TPALTNV/.metals/.reports/metals-full/2026-04-05/r_empty-definition_18-40-31-974.md")
2026.04.05 18:40:32 INFO  no build target found for /home/fayez/Desktop/InsolitClone/TPALTNV/TPALT_Backend/src/main/java/com/bookstore/Controller/AuthController.java. Using fallback presentation compiler.
2026.04.05 18:40:32 INFO  no build target found for /home/fayez/Desktop/InsolitClone/TPALTNV/TPALT_Backend/src/main/java/com/bookstore/Controller/AuthController.java. Using fallback presentation compiler.
2026.04.05 18:40:32 INFO  no build target found for /home/fayez/Desktop/InsolitClone/TPALTNV/TPALT_Backend/src/main/java/com/bookstore/Controller/AuthController.java. Using fallback presentation compiler.
2026.04.05 18:40:33 INFO  no build target found for /home/fayez/Desktop/InsolitClone/TPALTNV/TPALT_Backend/src/main/java/com/bookstore/Controller/AuthController.java. Using fallback presentation compiler.
2026.04.05 18:40:33 INFO  no build target found for /home/fayez/Desktop/InsolitClone/TPALTNV/TPALT_Backend/src/main/java/com/bookstore/Controller/OrderController.java. Using fallback presentation compiler.
2026.04.05 18:40:33 INFO  no build target found for /home/fayez/Desktop/InsolitClone/TPALTNV/TPALT_Backend/src/main/java/com/bookstore/repository/UserRepository.java. Using fallback presentation compiler.
2026.04.05 18:40:33 INFO  no build target found for /home/fayez/Desktop/InsolitClone/TPALTNV/TPALT_Backend/src/main/java/com/bookstore/model/User.java. Using fallback presentation compiler.
2026.04.05 18:40:33 INFO  no build target found for /home/fayez/Desktop/InsolitClone/TPALTNV/TPALT_Backend/src/main/java/com/bookstore/Controller/AuthController.java. Using fallback presentation compiler.
2026.04.05 18:40:33 INFO  no build target found for /home/fayez/Desktop/InsolitClone/TPALTNV/TPALT_Backend/src/main/java/com/bookstore/Controller/AuthController.java. Using fallback presentation compiler.
2026.04.05 18:40:32 INFO  no build target found for /home/fayez/Desktop/InsolitClone/TPALTNV/TPALT_Backend/src/main/java/com/bookstore/model/User.java. Using fallback presentation compiler.
2026.04.05 18:40:33 INFO  no build target found for /home/fayez/Desktop/InsolitClone/TPALTNV/TPALT_Backend/src/main/java/com/bookstore/Controller/OrderController.java. Using fallback presentation compiler.
2026.04.05 18:40:33 INFO  no build target found for /home/fayez/Desktop/InsolitClone/TPALTNV/TPALT_Backend/src/main/java/com/bookstore/Controller/OrderController.java. Using fallback presentation compiler.
2026.04.05 18:40:33 INFO  no build target found for /home/fayez/Desktop/InsolitClone/TPALTNV/TPALT_Backend/src/main/java/com/bookstore/model/User.java. Using fallback presentation compiler.
2026.04.05 18:40:33 INFO  no build target found for /home/fayez/Desktop/InsolitClone/TPALTNV/TPALT_Backend/src/main/java/com/bookstore/repository/UserRepository.java. Using fallback presentation compiler.
2026.04.05 18:40:33 INFO  no build target found for /home/fayez/Desktop/InsolitClone/TPALTNV/TPALT_Backend/src/main/java/com/bookstore/model/User.java. Using fallback presentation compiler.
2026.04.05 18:40:33 INFO  no build target found for /home/fayez/Desktop/InsolitClone/TPALTNV/TPALT_Backend/src/main/java/com/bookstore/repository/UserRepository.java. Using fallback presentation compiler.
2026.04.05 18:40:33 INFO  no build target found for /home/fayez/Desktop/InsolitClone/TPALTNV/TPALT_Backend/src/main/java/com/bookstore/model/User.java. Using fallback presentation compiler.
2026.04.05 18:40:33 INFO  no build target found for /home/fayez/Desktop/InsolitClone/TPALTNV/TPALT_Backend/src/main/java/com/bookstore/model/User.java. Using fallback presentation compiler.
2026.04.05 18:40:34 INFO  no build target found for /home/fayez/Desktop/InsolitClone/TPALTNV/TPALT_Backend/src/main/java/com/bookstore/Controller/AuthController.java. Using fallback presentation compiler.
2026.04.05 18:40:33 INFO  no build target found for /home/fayez/Desktop/InsolitClone/TPALTNV/TPALT_Backend/src/main/java/com/bookstore/Controller/OrderController.java. Using fallback presentation compiler.
2026.04.05 18:40:34 INFO  no build target found for /home/fayez/Desktop/InsolitClone/TPALTNV/TPALT_Backend/src/main/java/com/bookstore/repository/UserRepository.java. Using fallback presentation compiler.
2026.04.05 18:40:34 INFO  no build target found for /home/fayez/Desktop/InsolitClone/TPALTNV/TPALT_Backend/src/main/java/com/bookstore/model/User.java. Using fallback presentation compiler.
2026.04.05 18:40:33 INFO  no build target found for /home/fayez/Desktop/InsolitClone/TPALTNV/TPALT_Backend/src/main/java/com/bookstore/model/User.java. Using fallback presentation compiler.
2026.04.05 18:40:35 INFO  no build target found for /home/fayez/Desktop/InsolitClone/TPALTNV/TPALT_Backend/src/main/java/com/bookstore/Controller/AuthController.java. Using fallback presentation compiler.
2026.04.05 18:40:39 WARN  no build target for: /home/fayez/Desktop/InsolitClone/TPALTNV/TPALT_Backend/src/main/java/com/bookstore/repository/UserRepository.java
2026.04.05 18:40:39 WARN  no build target for: /home/fayez/Desktop/InsolitClone/TPALTNV/TPALT_Backend/src/main/java/com/bookstore/Controller/AuthController.java
2026.04.05 18:43:57 INFO  no build target found for /home/fayez/Desktop/InsolitClone/TPALTNV/TPALT_Backend/src/main/java/com/bookstore/Controller/AuthController.java. Using fallback presentation compiler.
2026.04.05 18:44:03 INFO  no build target found for /home/fayez/Desktop/InsolitClone/TPALTNV/TPALT_Backend/src/main/java/com/bookstore/Controller/AuthController.java. Using fallback presentation compiler.
2026.04.05 18:44:42 INFO  no build target found for /home/fayez/Desktop/InsolitClone/TPALTNV/TPALT_Backend/src/main/java/com/bookstore/Controller/AuthController.java. Using fallback presentation compiler.
2026.04.05 18:45:07 INFO  no build target found for /home/fayez/Desktop/InsolitClone/TPALTNV/TPALT_Backend/src/main/java/com/bookstore/Controller/AuthController.java. Using fallback presentation compiler.
2026.04.05 18:45:13 INFO  no build target found for /home/fayez/Desktop/InsolitClone/TPALTNV/TPALT_Backend/src/main/java/com/bookstore/Controller/AuthController.java. Using fallback presentation compiler.
2026.04.05 18:48:00 INFO  no build target found for /home/fayez/Desktop/InsolitClone/TPALTNV/TPALT_Backend/src/main/java/com/bookstore/Controller/AuthController.java. Using fallback presentation compiler.
2026.04.05 18:48:00 INFO  Created report: Optional[file:///home/fayez/Desktop/InsolitClone/TPALTNV/TPALT_Backend/src/main/java/com/bookstore/Controller/AuthController.java]
2026.04.05 18:48:00 INFO  empty definition using pc, found symbol in pc: _empty_/ResponseEntity#badRequest#body# (full report at: "/home/fayez/Desktop/InsolitClone/TPALTNV/.metals/.reports/metals-full/2026-04-05/r_empty-definition_18-48-01-002.md")
2026.04.05 18:51:55 INFO  Shutting down server
2026.04.05 18:51:55 INFO  Memory monitor stopped
2026.04.05 18:51:55 INFO  shutting down Metals
2026.04.05 18:51:55 INFO  Exiting server
2026.04.05 18:51:55 ERROR Unexpected error initializing server: 
org.eclipse.lsp4j.jsonrpc.ResponseErrorException: Request window/showMessageRequest failed with message: Canceled
	at org.eclipse.lsp4j.jsonrpc.RemoteEndpoint.handleResponse(RemoteEndpoint.java:214)
	at org.eclipse.lsp4j.jsonrpc.RemoteEndpoint.consume(RemoteEndpoint.java:198)
	at org.eclipse.lsp4j.jsonrpc.json.StreamMessageProducer.handleMessage(StreamMessageProducer.java:189)
	at org.eclipse.lsp4j.jsonrpc.json.StreamMessageProducer.listen(StreamMessageProducer.java:97)
	at org.eclipse.lsp4j.jsonrpc.json.ConcurrentMessageProcessor.run(ConcurrentMessageProcessor.java:97)
	at java.util.concurrent.Executors$RunnableAdapter.call(Executors.java:572)
	at java.util.concurrent.FutureTask.run(FutureTask.java:317)
	at java.util.concurrent.ThreadPoolExecutor.runWorker(ThreadPoolExecutor.java:1144)
	at java.util.concurrent.ThreadPoolExecutor$Worker.run(ThreadPoolExecutor.java:642)
	at java.lang.Thread.run(Thread.java:1583)

2026.04.05 18:52:11 INFO  Started: Metals version 1.6.6 in folders '/home/fayez/Desktop/InsolitClone/TPALTNV' for client Visual Studio Code 1.110.1.
2026.04.05 18:52:11 INFO  Memory monitor started
2026.04.05 18:52:11 WARN  Using H2 2.4.240 which is newer than the version Flyway has been verified with. The latest verified version of H2 is 2.3.232.
2026.04.05 18:52:17 WARN  no build target for: /home/fayez/Desktop/InsolitClone/TPALTNV/TPALT_Backend/src/main/java/com/bookstore/Controller/ReviewStatsController.java
2026.04.05 18:52:17 WARN  no build target for: /home/fayez/Desktop/InsolitClone/TPALTNV/TPALT_Backend/src/main/java/com/bookstore/Controller/OrderController.java
2026.04.05 18:52:17 WARN  no build target for: /home/fayez/Desktop/InsolitClone/TPALTNV/TPALT_Backend/src/main/java/com/bookstore/Controller/AuthController.java
2026.04.05 18:52:17 WARN  no build target for: /home/fayez/Desktop/InsolitClone/TPALTNV/TPALT_Backend/src/main/java/com/bookstore/repository/UserRepository.java
2026.04.05 18:52:17 WARN  no build target for: /home/fayez/Desktop/InsolitClone/TPALTNV/TPALT_Backend/src/main/java/com/bookstore/model/Book.java
Apr 05, 2026 6:53:44 PM org.eclipse.lsp4j.jsonrpc.services.GenericEndpoint notify
INFO: Unsupported notification method: $/setTrace
Apr 05, 2026 6:53:46 PM org.eclipse.lsp4j.jsonrpc.services.GenericEndpoint notify
INFO: Unsupported notification method: $/setTrace
2026.04.05 18:59:29 INFO  no build target found for /home/fayez/Desktop/InsolitClone/TPALTNV/TPALT_Backend/src/main/java/com/bookstore/Controller/ReviewStatsController.java. Using fallback presentation compiler.
2026.04.05 18:59:29 INFO  no build target found for /home/fayez/Desktop/InsolitClone/TPALTNV/TPALT_Backend/src/main/java/com/bookstore/model/Book.java. Using fallback presentation compiler.
2026.04.05 18:59:29 INFO  no build target found for /home/fayez/Desktop/InsolitClone/TPALTNV/TPALT_Backend/src/main/java/com/bookstore/repository/UserRepository.java. Using fallback presentation compiler.
2026.04.05 18:59:29 INFO  no build target found for /home/fayez/Desktop/InsolitClone/TPALTNV/TPALT_Backend/src/main/java/com/bookstore/Controller/OrderController.java. Using fallback presentation compiler.
2026.04.05 18:59:29 INFO  no build target found for /home/fayez/Desktop/InsolitClone/TPALTNV/TPALT_Backend/src/main/java/com/bookstore/Controller/AuthController.java. Using fallback presentation compiler.
